
Showing logs for build [32mcb-kubecd-environment-pr-193-82-jnpfr-1[0m stage [32mfrom-build-pack[0m and container [32mstep-credential-initializer-7n6lh[0m
{"level":"warn","ts":1585983719.1169727,"logger":"fallback-logger","caller":"logging/config.go:69","msg":"Fetch GitHub commit ID from kodata failed: \"ref: refs/heads/0.8.0-**-support-backwards-incompats\" is not a valid GitHub commit ID"}
{"level":"info","ts":1585983719.118622,"logger":"fallback-logger","caller":"creds-init/main.go:40","msg":"Credentials initialized."}

Showing logs for build [32mcb-kubecd-environment-pr-193-82-jnpfr-1[0m stage [32mfrom-build-pack[0m and container [32mstep-working-dir-initializer-2t2cp[0m
{"level":"warn","ts":1585983719.5347683,"logger":"fallback-logger","caller":"logging/config.go:69","msg":"Fetch GitHub commit ID from kodata failed: open /var/run/ko/HEAD: no such file or directory"}
{"level":"info","ts":1585983719.538383,"logger":"fallback-logger","caller":"bash/main.go:64","msg":"Successfully executed command \"sh -c mkdir -p /workspace/source\"; output "}

Showing logs for build [32mcb-kubecd-environment-pr-193-82-jnpfr-1[0m stage [32mfrom-build-pack[0m and container [32mstep-place-tools[0m

Showing logs for build [32mcb-kubecd-environment-pr-193-82-jnpfr-1[0m stage [32mfrom-build-pack[0m and container [32mstep-git-source-cb-kubecd-environment-pr-193-82-jnpfr-gfgx5[0m
{"level":"warn","ts":1585983722.638627,"logger":"fallback-logger","caller":"logging/config.go:69","msg":"Fetch GitHub commit ID from kodata failed: \"ref: refs/heads/0.8.0-**-support-backwards-incompats\" is not a valid GitHub commit ID"}
{"level":"info","ts":1585983723.743305,"logger":"fallback-logger","caller":"git/git.go:103","msg":"Successfully cloned https://github.com/cb-kubecd/environment-pr-193-82-boot-vault-gke-staging.git @ master in path /workspace/source"}

Showing logs for build [32mcb-kubecd-environment-pr-193-82-jnpfr-1[0m stage [32mfrom-build-pack[0m and container [32mstep-git-merge[0m
Using SHAs from PULL_REFS=master:787b33b0002b77027ee1746b4513ca5589deab7a,2:3e5951f5194f7fba9b1a1666f3bc5908f01f8901
DEBUG: LC_ALL=C JX_LOG_LEVEL=error git fetch origin --unshallow 3e5951f5194f7fba9b1a1666f3bc5908f01f8901: 787b33b0002b77027ee1746b4513ca5589deab7a:
DEBUG: ran git fetch --unshallow origin 3e5951f5194f7fba9b1a1666f3bc5908f01f8901: 787b33b0002b77027ee1746b4513ca5589deab7a: in 
DEBUG: LC_ALL=C JX_LOG_LEVEL=error git branch
DEBUG: LC_ALL=C JX_LOG_LEVEL=error git checkout master
DEBUG: ran git checkout master in 
DEBUG: LC_ALL=C JX_LOG_LEVEL=error git reset --hard 787b33b0002b77027ee1746b4513ca5589deab7a
DEBUG: ran git reset --hard 787b33b0002b77027ee1746b4513ca5589deab7a in 
DEBUG: LC_ALL=C JX_LOG_LEVEL=error git clean -fd .
DEBUG: ran clean --force -d . in 
DEBUG: LC_ALL=C JX_LOG_LEVEL=error git merge 3e5951f5194f7fba9b1a1666f3bc5908f01f8901
DEBUG: ran git merge 3e5951f5194f7fba9b1a1666f3bc5908f01f8901 in 
DEBUG: LC_ALL=C JX_LOG_LEVEL=error git log --format=%H%x1f%an%x1f%ae%x1f%cn%x1f%ce%x1f%s%n%b%x1e 787b33b0002b77027ee1746b4513ca5589deab7a..HEAD
Merged SHA 3e5951f5194f7fba9b1a1666f3bc5908f01f8901 with commit message 'chore: Promote bdd-sbhg-1585983308 to version 0.0.1' into base branch master

Showing logs for build [32mcb-kubecd-environment-pr-193-82-jnpfr-1[0m stage [32mfrom-build-pack[0m and container [32mstep-build-helm-build[0m
WARNING: No $CHART_REPOSITORY defined so using the default value of: http://jenkins-x-chartmuseum:8080
Adding missing Helm repo: storage.googleapis.com https://storage.googleapis.com/chartmuseum.jenkins-x.io
WARNING: No secrets found on "helm/repos" due: reading the secret "helm/repos" from vault: no secret "helm/repos" not found in vault
Read credentials for https://storage.googleapis.com/chartmuseum.jenkins-x.io from vault helm/repos
Successfully added Helm repository storage.googleapis.com.
Adding missing Helm repo: jenkins-x-chartmuseum http://jenkins-x-chartmuseum:8080
WARNING: No secrets found on "helm/repos" due: reading the secret "helm/repos" from vault: no secret "helm/repos" not found in vault
Read credentials for http://jenkins-x-chartmuseum:8080 from vault helm/repos
Successfully added Helm repository jenkins-x-chartmuseum.
WARNING: No $CHART_REPOSITORY defined so using the default value of: http://jenkins-x-chartmuseum:8080
Adding missing Helm repo: chartmuseum.jenkins-x.io http://chartmuseum.jenkins-x.io
WARNING: No secrets found on "helm/repos" due: reading the secret "helm/repos" from vault: no secret "helm/repos" not found in vault
Read credentials for http://chartmuseum.jenkins-x.io from vault helm/repos
Successfully added Helm repository chartmuseum.jenkins-x.io.
