
Showing logs for build [32mcb-kubecd-environment-pr-193-82-qdx6v-1[0m stage [32mfrom-build-pack[0m and container [32mstep-credential-initializer-9cnnb[0m
{"level":"warn","ts":1585986002.983332,"logger":"fallback-logger","caller":"logging/config.go:69","msg":"Fetch GitHub commit ID from kodata failed: \"ref: refs/heads/0.8.0-**-support-backwards-incompats\" is not a valid GitHub commit ID"}
{"level":"info","ts":1585986002.9844446,"logger":"fallback-logger","caller":"creds-init/main.go:40","msg":"Credentials initialized."}

Showing logs for build [32mcb-kubecd-environment-pr-193-82-qdx6v-1[0m stage [32mfrom-build-pack[0m and container [32mstep-working-dir-initializer-lqc9x[0m
{"level":"warn","ts":1585986003.901699,"logger":"fallback-logger","caller":"logging/config.go:69","msg":"Fetch GitHub commit ID from kodata failed: open /var/run/ko/HEAD: no such file or directory"}
{"level":"info","ts":1585986003.9029188,"logger":"fallback-logger","caller":"bash/main.go:64","msg":"Successfully executed command \"sh -c mkdir -p /workspace/source\"; output "}

Showing logs for build [32mcb-kubecd-environment-pr-193-82-qdx6v-1[0m stage [32mfrom-build-pack[0m and container [32mstep-place-tools[0m

Showing logs for build [32mcb-kubecd-environment-pr-193-82-qdx6v-1[0m stage [32mfrom-build-pack[0m and container [32mstep-git-source-cb-kubecd-environment-pr-193-82-qdx6v-6zh5j[0m
{"level":"warn","ts":1585986008.0668976,"logger":"fallback-logger","caller":"logging/config.go:69","msg":"Fetch GitHub commit ID from kodata failed: \"ref: refs/heads/0.8.0-**-support-backwards-incompats\" is not a valid GitHub commit ID"}
{"level":"info","ts":1585986009.081879,"logger":"fallback-logger","caller":"git/git.go:103","msg":"Successfully cloned https://github.com/cb-kubecd/environment-pr-193-82-boot-vault-gke-staging.git @ master in path /workspace/source"}

Showing logs for build [32mcb-kubecd-environment-pr-193-82-qdx6v-1[0m stage [32mfrom-build-pack[0m and container [32mstep-git-merge[0m
Using SHAs from PULL_REFS=master:69a3e6f2c02e77cecac954b8524fffbd1053bd5b,4:610d838fcc1be7762b6f5788e3bc4d2615ac26ef
DEBUG: LC_ALL=C JX_LOG_LEVEL=error git fetch origin --unshallow 610d838fcc1be7762b6f5788e3bc4d2615ac26ef: 69a3e6f2c02e77cecac954b8524fffbd1053bd5b:
DEBUG: ran git fetch --unshallow origin 610d838fcc1be7762b6f5788e3bc4d2615ac26ef: 69a3e6f2c02e77cecac954b8524fffbd1053bd5b: in 
DEBUG: LC_ALL=C JX_LOG_LEVEL=error git branch
DEBUG: JX_LOG_LEVEL=error LC_ALL=C git checkout master
DEBUG: ran git checkout master in 
DEBUG: LC_ALL=C JX_LOG_LEVEL=error git reset --hard 69a3e6f2c02e77cecac954b8524fffbd1053bd5b
DEBUG: ran git reset --hard 69a3e6f2c02e77cecac954b8524fffbd1053bd5b in 
DEBUG: JX_LOG_LEVEL=error LC_ALL=C git clean -fd .
DEBUG: ran clean --force -d . in 
DEBUG: LC_ALL=C JX_LOG_LEVEL=error git merge 610d838fcc1be7762b6f5788e3bc4d2615ac26ef
DEBUG: ran git merge 610d838fcc1be7762b6f5788e3bc4d2615ac26ef in 
DEBUG: JX_LOG_LEVEL=error LC_ALL=C git log --format=%H%x1f%an%x1f%ae%x1f%cn%x1f%ce%x1f%s%n%b%x1e 69a3e6f2c02e77cecac954b8524fffbd1053bd5b..HEAD
Merged SHA 610d838fcc1be7762b6f5788e3bc4d2615ac26ef with commit message 'chore: Promote bdd-gh-1585983308 to version 0.0.1' into base branch master

Showing logs for build [32mcb-kubecd-environment-pr-193-82-qdx6v-1[0m stage [32mfrom-build-pack[0m and container [32mstep-build-helm-build[0m
WARNING: No $CHART_REPOSITORY defined so using the default value of: http://jenkins-x-chartmuseum:8080
Adding missing Helm repo: storage.googleapis.com https://storage.googleapis.com/chartmuseum.jenkins-x.io
WARNING: No secrets found on "helm/repos" due: reading the secret "helm/repos" from vault: no secret "helm/repos" not found in vault
Read credentials for https://storage.googleapis.com/chartmuseum.jenkins-x.io from vault helm/repos
Successfully added Helm repository storage.googleapis.com.
Adding missing Helm repo: jenkins-x-chartmuseum http://jenkins-x-chartmuseum:8080
WARNING: No secrets found on "helm/repos" due: reading the secret "helm/repos" from vault: no secret "helm/repos" not found in vault
Read credentials for http://jenkins-x-chartmuseum:8080 from vault helm/repos
Successfully added Helm repository jenkins-x-chartmuseum.
WARNING: No $CHART_REPOSITORY defined so using the default value of: http://jenkins-x-chartmuseum:8080
Adding missing Helm repo: chartmuseum.jenkins-x.io http://chartmuseum.jenkins-x.io
WARNING: No secrets found on "helm/repos" due: reading the secret "helm/repos" from vault: no secret "helm/repos" not found in vault
Read credentials for http://chartmuseum.jenkins-x.io from vault helm/repos
Successfully added Helm repository chartmuseum.jenkins-x.io.
